Top left quarter co-ordinates:
(200,0)-(200,200)
(200,5)-(195,200)
(200,10)-(190,200)
(200,15)-(185,200)
(200,20)-(180,200)
(200,25)-(175,200)
(200,30)-(170,200)
(200,35)-(165,200)
(200,40)-(160,200)
(200,45)-(155,200)
(200,50)-(150,200)
(200,55)-(145,200)
(200,60)-(140,200)
(200,65)-(135,200)
(200,70)-(130,200)
(200,75)-(125,200)
(200,80)-(120,200)
(200,85)-(115,200)
(200,90)-(110,200)
(200,95)-(105,200)
(200,100)-(100,200)
(200,105)-(95,200)
(200,110)-(90,200)
(200,115)-(85,200)
(200,120)-(80,200)
(200,125)-(75,200)
(200,130)-(70,200)
(200,135)-(65,200)
(200,140)-(60,200)
(200,145)-(55,200)
(200,150)-(50,200)
(200,155)-(45,200)
(200,160)-(40,200)
(200,165)-(35,200)
(200,170)-(30,200)
(200,175)-(25,200)
(200,180)-(20,200)
(200,185)-(15,200)
(200,190)-(10,200)
(200,195)-(5,200)
(200,200)-(0,200)
Bottom left quarter co-ordinates:
(0,200)-(200,200)
(5,200)-(200,205)
(10,200)-(200,210)
(15,200)-(200,215)
(20,200)-(200,220)
(25,200)-(200,225)
(30,200)-(200,230)
(35,200)-(200,235)
(40,200)-(200,240)
(45,200)-(200,245)
(50,200)-(200,250)
(55,200)-(200,255)
(60,200)-(200,260)
(65,200)-(200,265)
(70,200)-(200,270)
(75,200)-(200,275)
(80,200)-(200,280)
(85,200)-(200,285)
(90,200)-(200,290)
(95,200)-(200,295)
(100,200)-(200,300)
(105,200)-(200,305)
(110,200)-(200,310)
(115,200)-(200,315)
(120,200)-(200,320)
(125,200)-(200,325)
(130,200)-(200,330)
(135,200)-(200,335)
(140,200)-(200,340)
(145,200)-(200,345)
(150,200)-(200,350)
(155,200)-(200,355)
(160,200)-(200,360)
(165,200)-(200,365)
(170,200)-(200,370)
(175,200)-(200,375)
(180,200)-(200,380)
(185,200)-(200,385)
(190,200)-(200,390)
(195,200)-(200,395)
(200,200)-(200,400)
Bottom right quarter co-ordinates:
(200,400)-(200,200)
(200,395)-(205,200)
(200,390)-(210,200)
(200,385)-(215,200)
(200,380)-(220,200)
(200,375)-(225,200)
(200,370)-(230,200)
(200,365)-(235,200)
(200,360)-(240,200)
(200,355)-(245,200)
(200,350)-(250,200)
(200,345)-(255,200)
(200,340)-(260,200)
(200,335)-(265,200)
(200,330)-(270,200)
(200,325)-(275,200)
(200,320)-(280,200)
(200,315)-(285,200)
(200,310)-(290,200)
(200,305)-(295,200)
(200,300)-(300,200)
(200,295)-(305,200)
(200,290)-(310,200)
(200,285)-(315,200)
(200,280)-(320,200)
(200,275)-(325,200)
(200,270)-(330,200)
(200,265)-(335,200)
(200,260)-(340,200)
(200,255)-(345,200)
(200,250)-(350,200)
(200,245)-(355,200)
(200,240)-(360,200)
(200,235)-(365,200)
(200,230)-(370,200)
(200,225)-(375,200)
(200,220)-(380,200)
(200,215)-(385,200)
(200,210)-(390,200)
(200,205)-(395,200)
(200,200)-(400,200)
Top right quarter co-ordinates:
(400,200)-(200,200)
(395,200)-(200,195)
(390,200)-(200,190)
(385,200)-(200,185)
(380,200)-(200,180)
(375,200)-(200,175)
(370,200)-(200,170)
(365,200)-(200,165)
(360,200)-(200,160)
(355,200)-(200,155)
(350,200)-(200,150)
(345,200)-(200,145)
(340,200)-(200,140)
(335,200)-(200,135)
(330,200)-(200,130)
(325,200)-(200,125)
(320,200)-(200,120)
(315,200)-(200,115)
(310,200)-(200,110)
(305,200)-(200,105)
(300,200)-(200,100)
(295,200)-(200,95)
(290,200)-(200,90)
(285,200)-(200,85)
(280,200)-(200,80)
(275,200)-(200,75)
(270,200)-(200,70)
(265,200)-(200,65)
(260,200)-(200,60)
(255,200)-(200,55)
(250,200)-(200,50)
(245,200)-(200,45)
(240,200)-(200,40)
(235,200)-(200,35)
(230,200)-(200,30)
(225,200)-(200,25)
(220,200)-(200,20)
(215,200)-(200,15)
(210,200)-(200,10)
(205,200)-(200,5)
(200,200)-(200,0)
